<?xml version="1.0" encoding="UTF-8"?>
<!-- Generated by org.testng.reporters.JUnitXMLReporter -->
<testsuite ignored="0" hostname="DESKTOP-ABUARE4" failures="0" tests="22" name="Surefire test" time="14.621" errors="0" timestamp="2024-07-24T18:16:30 EDT">
  <testcase classname="api.tests.DataDrivenUserTests" name="testCreateUser" time="3.76"/>
  <testcase classname="api.tests.DataDrivenUserTests" name="testCreateUser" time="0.245"/>
  <testcase classname="api.tests.DataDrivenUserTests" name="testCreateUser" time="0.213"/>
  <testcase classname="api.tests.DataDrivenUserTests" name="testGetUserByName" time="0.212"/>
  <testcase classname="api.tests.DataDrivenUserTests" name="testGetUserByName" time="0.193"/>
  <testcase classname="api.tests.DataDrivenUserTests" name="testGetUserByName" time="0.206"/>
  <testcase classname="api.tests.DataDrivenUserTests" name="testUpdateUser" time="1.771"/>
  <testcase classname="api.tests.DataDrivenUserTests" name="testUpdateUser" time="0.602"/>
  <testcase classname="api.tests.DataDrivenUserTests" name="testUpdateUser" time="0.495"/>
  <testcase classname="api.tests.DataDrivenUserTests" name="testDeleteUser" time="0.383"/>
  <testcase classname="api.tests.DataDrivenUserTests" name="testDeleteUser" time="0.388"/>
  <testcase classname="api.tests.DataDrivenUserTests" name="testDeleteUser" time="0.348"/>
  <testcase classname="api.tests.ReqResTests" name="createUser" time="0.525"/>
  <testcase classname="api.tests.ReqResTests" name="getSumOfIds" time="0.124"/>
  <testcase classname="api.tests.ReqResTests" name="getUsers" time="0.099"/>
  <testcase classname="api.tests.ReqResTests" name="parseJSONResponseDataThroughDirectThen" time="0.219"/>
  <testcase classname="api.tests.ReqResTests" name="parseJSONResponseDataToCaptureData" time="0.112"/>
  <testcase classname="api.tests.ReqResTests" name="parseJSONResponseDataUsingTestngAssertions" time="0.213"/>
  <testcase classname="api.tests.UserTests" name="testCreateUser" time="0.244"/>
  <testcase classname="api.tests.UserTests" name="testGetUserByName" time="0.186"/>
  <testcase classname="api.tests.UserTests" name="testUpdateUser" time="0.421"/>
  <testcase classname="api.tests.UserTests" name="testDeleteser" time="0.376"/>
</testsuite> <!-- Surefire test -->
