<?xml version="1.0" encoding="UTF-8"?>
<testng-results ignored="0" total="16" passed="16" failed="0" skipped="0">
  <reporter-output>
  </reporter-output>
  <suite started-at="2024-07-24T18:30:46 EDT" name="PetSuite" finished-at="2024-07-24T18:31:00 EDT" duration-ms="13458">
    <groups>
    </groups>
    <test started-at="2024-07-24T18:30:46 EDT" name="PetTest" finished-at="2024-07-24T18:31:00 EDT" duration-ms="13458">
      <class name="api.tests.UserTests">
        <test-method is-config="true" signature="setupData()[pri:0, instance:api.tests.UserTests@2f7298b]" started-at="2024-07-24T18:30:47 EDT" name="setupData" finished-at="2024-07-24T18:30:48 EDT" duration-ms="1154" status="PASS">
          <reporter-output>
          </reporter-output>
        </test-method> <!-- setupData -->
        <test-method signature="testCreateUser()[pri:1, instance:api.tests.UserTests@2f7298b]" started-at="2024-07-24T18:30:48 EDT" name="testCreateUser" finished-at="2024-07-24T18:30:51 EDT" duration-ms="3113" status="PASS">
          <reporter-output>
          </reporter-output>
        </test-method> <!-- testCreateUser -->
        <test-method signature="testGetUserByName()[pri:2, instance:api.tests.UserTests@2f7298b]" started-at="2024-07-24T18:30:51 EDT" name="testGetUserByName" finished-at="2024-07-24T18:30:51 EDT" duration-ms="253" status="PASS">
          <reporter-output>
          </reporter-output>
        </test-method> <!-- testGetUserByName -->
        <test-method signature="testUpdateUser()[pri:3, instance:api.tests.UserTests@2f7298b]" started-at="2024-07-24T18:30:51 EDT" name="testUpdateUser" finished-at="2024-07-24T18:30:53 EDT" duration-ms="1697" status="PASS">
          <reporter-output>
          </reporter-output>
        </test-method> <!-- testUpdateUser -->
        <test-method signature="testDeleteser()[pri:4, instance:api.tests.UserTests@2f7298b]" started-at="2024-07-24T18:30:53 EDT" name="testDeleteser" finished-at="2024-07-24T18:30:53 EDT" duration-ms="405" status="PASS">
          <reporter-output>
          </reporter-output>
        </test-method> <!-- testDeleteser -->
      </class> <!-- api.tests.UserTests -->
      <class name="api.tests.DataDrivenUserTests">
        <test-method signature="testCreateUser(java.lang.String,java.lang.String,java.lang.String,java.lang.String,java.lang.String,java.lang.String,java.lang.String)[pri:1, instance:api.tests.DataDrivenUserTests@7714e963]" started-at="2024-07-24T18:30:55 EDT" name="testCreateUser" data-provider="allData" finished-at="2024-07-24T18:30:55 EDT" duration-ms="230" status="PASS">
          <params>
            <param index="0">
              <value>
                <![CDATA[1000]]>
              </value>
            </param>
            <param index="1">
              <value>
                <![CDATA[user1]]>
              </value>
            </param>
            <param index="2">
              <value>
                <![CDATA[anu]]>
              </value>
            </param>
            <param index="3">
              <value>
                <![CDATA[jain]]>
              </value>
            </param>
            <param index="4">
              <value>
                <![CDATA[anu@anu.com]]>
              </value>
            </param>
            <param index="5">
              <value>
                <![CDATA[test@a]]>
              </value>
            </param>
            <param index="6">
              <value>
                <![CDATA[1234567890]]>
              </value>
            </param>
          </params>
          <reporter-output>
          </reporter-output>
        </test-method> <!-- testCreateUser -->
        <test-method signature="testCreateUser(java.lang.String,java.lang.String,java.lang.String,java.lang.String,java.lang.String,java.lang.String,java.lang.String)[pri:1, instance:api.tests.DataDrivenUserTests@7714e963]" started-at="2024-07-24T18:30:55 EDT" name="testCreateUser" data-provider="allData" finished-at="2024-07-24T18:30:56 EDT" duration-ms="200" status="PASS">
          <params>
            <param index="0">
              <value>
                <![CDATA[1001]]>
              </value>
            </param>
            <param index="1">
              <value>
                <![CDATA[user2]]>
              </value>
            </param>
            <param index="2">
              <value>
                <![CDATA[sidu]]>
              </value>
            </param>
            <param index="3">
              <value>
                <![CDATA[jian]]>
              </value>
            </param>
            <param index="4">
              <value>
                <![CDATA[sidu@sidu.com]]>
              </value>
            </param>
            <param index="5">
              <value>
                <![CDATA[test@s]]>
              </value>
            </param>
            <param index="6">
              <value>
                <![CDATA[1234567891]]>
              </value>
            </param>
          </params>
          <reporter-output>
          </reporter-output>
        </test-method> <!-- testCreateUser -->
        <test-method signature="testCreateUser(java.lang.String,java.lang.String,java.lang.String,java.lang.String,java.lang.String,java.lang.String,java.lang.String)[pri:1, instance:api.tests.DataDrivenUserTests@7714e963]" started-at="2024-07-24T18:30:56 EDT" name="testCreateUser" data-provider="allData" finished-at="2024-07-24T18:30:56 EDT" duration-ms="195" status="PASS">
          <params>
            <param index="0">
              <value>
                <![CDATA[1002]]>
              </value>
            </param>
            <param index="1">
              <value>
                <![CDATA[user3]]>
              </value>
            </param>
            <param index="2">
              <value>
                <![CDATA[pidu]]>
              </value>
            </param>
            <param index="3">
              <value>
                <![CDATA[pian]]>
              </value>
            </param>
            <param index="4">
              <value>
                <![CDATA[pidu@pidu.com]]>
              </value>
            </param>
            <param index="5">
              <value>
                <![CDATA[test@p]]>
              </value>
            </param>
            <param index="6">
              <value>
                <![CDATA[1234567892]]>
              </value>
            </param>
          </params>
          <reporter-output>
          </reporter-output>
        </test-method> <!-- testCreateUser -->
        <test-method signature="testGetUserByName(java.lang.String)[pri:2, instance:api.tests.DataDrivenUserTests@7714e963]" started-at="2024-07-24T18:30:56 EDT" name="testGetUserByName" data-provider="usernames" finished-at="2024-07-24T18:30:56 EDT" duration-ms="182" status="PASS">
          <params>
            <param index="0">
              <value>
                <![CDATA[user1]]>
              </value>
            </param>
          </params>
          <reporter-output>
          </reporter-output>
        </test-method> <!-- testGetUserByName -->
        <test-method signature="testGetUserByName(java.lang.String)[pri:2, instance:api.tests.DataDrivenUserTests@7714e963]" started-at="2024-07-24T18:30:56 EDT" name="testGetUserByName" data-provider="usernames" finished-at="2024-07-24T18:30:56 EDT" duration-ms="179" status="PASS">
          <params>
            <param index="0">
              <value>
                <![CDATA[user2]]>
              </value>
            </param>
          </params>
          <reporter-output>
          </reporter-output>
        </test-method> <!-- testGetUserByName -->
        <test-method signature="testGetUserByName(java.lang.String)[pri:2, instance:api.tests.DataDrivenUserTests@7714e963]" started-at="2024-07-24T18:30:56 EDT" name="testGetUserByName" data-provider="usernames" finished-at="2024-07-24T18:30:57 EDT" duration-ms="204" status="PASS">
          <params>
            <param index="0">
              <value>
                <![CDATA[user3]]>
              </value>
            </param>
          </params>
          <reporter-output>
          </reporter-output>
        </test-method> <!-- testGetUserByName -->
        <test-method signature="testUpdateUser(java.lang.String,java.lang.String,java.lang.String,java.lang.String,java.lang.String,java.lang.String,java.lang.String)[pri:3, instance:api.tests.DataDrivenUserTests@7714e963]" started-at="2024-07-24T18:30:57 EDT" name="testUpdateUser" data-provider="allData" finished-at="2024-07-24T18:30:57 EDT" duration-ms="615" status="PASS">
          <params>
            <param index="0">
              <value>
                <![CDATA[1000]]>
              </value>
            </param>
            <param index="1">
              <value>
                <![CDATA[user1]]>
              </value>
            </param>
            <param index="2">
              <value>
                <![CDATA[anu]]>
              </value>
            </param>
            <param index="3">
              <value>
                <![CDATA[jain]]>
              </value>
            </param>
            <param index="4">
              <value>
                <![CDATA[anu@anu.com]]>
              </value>
            </param>
            <param index="5">
              <value>
                <![CDATA[test@a]]>
              </value>
            </param>
            <param index="6">
              <value>
                <![CDATA[1234567890]]>
              </value>
            </param>
          </params>
          <reporter-output>
          </reporter-output>
        </test-method> <!-- testUpdateUser -->
        <test-method signature="testUpdateUser(java.lang.String,java.lang.String,java.lang.String,java.lang.String,java.lang.String,java.lang.String,java.lang.String)[pri:3, instance:api.tests.DataDrivenUserTests@7714e963]" started-at="2024-07-24T18:30:57 EDT" name="testUpdateUser" data-provider="allData" finished-at="2024-07-24T18:30:58 EDT" duration-ms="489" status="PASS">
          <params>
            <param index="0">
              <value>
                <![CDATA[1001]]>
              </value>
            </param>
            <param index="1">
              <value>
                <![CDATA[user2]]>
              </value>
            </param>
            <param index="2">
              <value>
                <![CDATA[sidu]]>
              </value>
            </param>
            <param index="3">
              <value>
                <![CDATA[jian]]>
              </value>
            </param>
            <param index="4">
              <value>
                <![CDATA[sidu@sidu.com]]>
              </value>
            </param>
            <param index="5">
              <value>
                <![CDATA[test@s]]>
              </value>
            </param>
            <param index="6">
              <value>
                <![CDATA[1234567891]]>
              </value>
            </param>
          </params>
          <reporter-output>
          </reporter-output>
        </test-method> <!-- testUpdateUser -->
        <test-method signature="testUpdateUser(java.lang.String,java.lang.String,java.lang.String,java.lang.String,java.lang.String,java.lang.String,java.lang.String)[pri:3, instance:api.tests.DataDrivenUserTests@7714e963]" started-at="2024-07-24T18:30:58 EDT" name="testUpdateUser" data-provider="allData" finished-at="2024-07-24T18:30:58 EDT" duration-ms="467" status="PASS">
          <params>
            <param index="0">
              <value>
                <![CDATA[1002]]>
              </value>
            </param>
            <param index="1">
              <value>
                <![CDATA[user3]]>
              </value>
            </param>
            <param index="2">
              <value>
                <![CDATA[pidu]]>
              </value>
            </param>
            <param index="3">
              <value>
                <![CDATA[pian]]>
              </value>
            </param>
            <param index="4">
              <value>
                <![CDATA[pidu@pidu.com]]>
              </value>
            </param>
            <param index="5">
              <value>
                <![CDATA[test@p]]>
              </value>
            </param>
            <param index="6">
              <value>
                <![CDATA[1234567892]]>
              </value>
            </param>
          </params>
          <reporter-output>
          </reporter-output>
        </test-method> <!-- testUpdateUser -->
        <test-method signature="testDeleteUser(java.lang.String)[pri:4, instance:api.tests.DataDrivenUserTests@7714e963]" started-at="2024-07-24T18:30:58 EDT" name="testDeleteUser" data-provider="usernames" finished-at="2024-07-24T18:30:59 EDT" duration-ms="543" status="PASS">
          <params>
            <param index="0">
              <value>
                <![CDATA[user1]]>
              </value>
            </param>
          </params>
          <reporter-output>
          </reporter-output>
        </test-method> <!-- testDeleteUser -->
        <test-method signature="testDeleteUser(java.lang.String)[pri:4, instance:api.tests.DataDrivenUserTests@7714e963]" started-at="2024-07-24T18:30:59 EDT" name="testDeleteUser" data-provider="usernames" finished-at="2024-07-24T18:30:59 EDT" duration-ms="421" status="PASS">
          <params>
            <param index="0">
              <value>
                <![CDATA[user2]]>
              </value>
            </param>
          </params>
          <reporter-output>
          </reporter-output>
        </test-method> <!-- testDeleteUser -->
        <test-method signature="testDeleteUser(java.lang.String)[pri:4, instance:api.tests.DataDrivenUserTests@7714e963]" started-at="2024-07-24T18:30:59 EDT" name="testDeleteUser" data-provider="usernames" finished-at="2024-07-24T18:31:00 EDT" duration-ms="587" status="PASS">
          <params>
            <param index="0">
              <value>
                <![CDATA[user3]]>
              </value>
            </param>
          </params>
          <reporter-output>
          </reporter-output>
        </test-method> <!-- testDeleteUser -->
      </class> <!-- api.tests.DataDrivenUserTests -->
    </test> <!-- PetTest -->
  </suite> <!-- PetSuite -->
</testng-results>
