<?xml version="1.0" encoding="UTF-8"?>
<testsuite xmlns:xsi="http://www.w3.org/2001/XMLSchema-instance" xsi:noNamespaceSchemaLocation="https://maven.apache.org/surefire/maven-surefire-plugin/xsd/surefire-test-report.xsd" version="3.0.2" name="TestSuite" time="15.471" tests="16" errors="0" skipped="0" failures="0">
  <properties>
[...]
</properties>
  <testcase name="testCreateUser" classname="api.tests.UserTests" time="3.133">
    <system-out><![CDATA[HTTP/1.1 200 OK
Date: Wed, 24 Jul 2024 22:30:52 GMT
Content-Type: application/json
Transfer-Encoding: chunked
Connection: keep-alive
Access-Control-Allow-Origin: *
Access-Control-Allow-Methods: GET, POST, DELETE, PUT
Access-Control-Allow-Headers: Content-Type, api_key, Authorization
Server: Jetty(9.2.9.v20150224)

{
    "code": 200,
    "type": "unknown",
    "message": "1370074462"
}
]]></system-out>
    <system-err><![CDATA[SLF4J: Failed to load class "org.slf4j.impl.StaticLoggerBinder".
SLF4J: Defaulting to no-operation (NOP) logger implementation
SLF4J: See http://www.slf4j.org/codes.html#StaticLoggerBinder for further details.
]]></system-err>
  </testcase>
  <testcase name="testGetUserByName" classname="api.tests.UserTests" time="0.261">
    <system-out><![CDATA[HTTP/1.1 200 OK
Date: Wed, 24 Jul 2024 22:30:52 GMT
Content-Type: application/json
Transfer-Encoding: chunked
Connection: keep-alive
Access-Control-Allow-Origin: *
Access-Control-Allow-Methods: GET, POST, DELETE, PUT
Access-Control-Allow-Headers: Content-Type, api_key, Authorization
Server: Jetty(9.2.9.v20150224)

{
    "id": 1370074462,
    "username": "sierra.connelly",
    "email": "laurie.hauck@example.com",
    "password": "2n143j",
    "phone": "(722) 711-6112",
    "userStatus": 0
}
]]></system-out>
  </testcase>
  <testcase name="testUpdateUser" classname="api.tests.UserTests" time="1.692">
    <system-out><![CDATA[HTTP/1.1 200 OK
Date: Wed, 24 Jul 2024 22:30:53 GMT
Content-Type: application/json
Transfer-Encoding: chunked
Connection: keep-alive
Access-Control-Allow-Origin: *
Access-Control-Allow-Methods: GET, POST, DELETE, PUT
Access-Control-Allow-Headers: Content-Type, api_key, Authorization
Server: Jetty(9.2.9.v20150224)

{
    "code": 200,
    "type": "unknown",
    "message": "1370074462"
}
HTTP/1.1 200 OK
Date: Wed, 24 Jul 2024 22:30:53 GMT
Content-Type: application/json
Transfer-Encoding: chunked
Connection: keep-alive
Access-Control-Allow-Origin: *
Access-Control-Allow-Methods: GET, POST, DELETE, PUT
Access-Control-Allow-Headers: Content-Type, api_key, Authorization
Server: Jetty(9.2.9.v20150224)

{
    "id": 1370074462,
    "username": "sierra.connelly",
    "email": "vena.brekke@example.com",
    "password": "2n143j",
    "phone": "(722) 711-6112",
    "userStatus": 0
}
]]></system-out>
  </testcase>
  <testcase name="testDeleteser" classname="api.tests.UserTests" time="0.516">
    <system-out><![CDATA[HTTP/1.1 200 OK
Date: Wed, 24 Jul 2024 22:30:54 GMT
Content-Type: application/json
Transfer-Encoding: chunked
Connection: keep-alive
Access-Control-Allow-Origin: *
Access-Control-Allow-Methods: GET, POST, DELETE, PUT
Access-Control-Allow-Headers: Content-Type, api_key, Authorization
Server: Jetty(9.2.9.v20150224)

{
    "code": 200,
    "type": "unknown",
    "message": "sierra.connelly"
}
HTTP/1.1 404 Not Found
]]></system-out>
  </testcase>
  <testcase name="testCreateUser[1000, user1, anu, jain, anu@anu.com, test@a, 1234567890](1)" classname="api.tests.DataDrivenUserTests" time="0.237">
    <system-out><![CDATA[Row count is 4
Column count is 7
Value in target cell is 1000
Value in target cell is user1
Value in target cell is anu
Value in target cell is jain
Value in target cell is anu@anu.com
Value in target cell is test@a
Value in target cell is 1234567890
Value in target cell is 1001
Value in target cell is user2
Value in target cell is sidu
Value in target cell is jian
Value in target cell is sidu@sidu.com
Value in target cell is test@s
Value in target cell is 1234567891
Value in target cell is 1002
Value in target cell is user3
Value in target cell is pidu
Value in target cell is pian
Value in target cell is pidu@pidu.com
Value in target cell is test@p
Value in target cell is 1234567892
HTTP/1.1 200 OK
Date: Wed, 24 Jul 2024 22:30:57 GMT
Content-Type: application/json
Transfer-Encoding: chunked
Connection: keep-alive
Access-Control-Allow-Origin: *
Access-Control-Allow-Methods: GET, POST, DELETE, PUT
Access-Control-Allow-Headers: Content-Type, api_key, Authorization
Server: Jetty(9.2.9.v20150224)

{
    "code": 200,
    "type": "unknown",
    "message": "1000"
}
]]></system-out>
  </testcase>
  <testcase name="testCreateUser[1001, user2, sidu, jian, sidu@sidu.com, test@s, 1234567891](2)" classname="api.tests.DataDrivenUserTests" time="0.216">
    <system-out><![CDATA[HTTP/1.1 200 OK
Date: Wed, 24 Jul 2024 22:30:57 GMT
Content-Type: application/json
Transfer-Encoding: chunked
Connection: keep-alive
Access-Control-Allow-Origin: *
Access-Control-Allow-Methods: GET, POST, DELETE, PUT
Access-Control-Allow-Headers: Content-Type, api_key, Authorization
Server: Jetty(9.2.9.v20150224)

{
    "code": 200,
    "type": "unknown",
    "message": "1001"
}
]]></system-out>
  </testcase>
  <testcase name="testCreateUser[1002, user3, pidu, pian, pidu@pidu.com, test@p, 1234567892](3)" classname="api.tests.DataDrivenUserTests" time="0.233">
    <system-out><![CDATA[HTTP/1.1 200 OK
Date: Wed, 24 Jul 2024 22:30:57 GMT
Content-Type: application/json
Transfer-Encoding: chunked
Connection: keep-alive
Access-Control-Allow-Origin: *
Access-Control-Allow-Methods: GET, POST, DELETE, PUT
Access-Control-Allow-Headers: Content-Type, api_key, Authorization
Server: Jetty(9.2.9.v20150224)

{
    "code": 200,
    "type": "unknown",
    "message": "1002"
}
]]></system-out>
  </testcase>
  <testcase name="testGetUserByName[user1](1)" classname="api.tests.DataDrivenUserTests" time="0.182">
    <system-out><![CDATA[Value in target cell is user1
Value in target cell is user2
Value in target cell is user3
HTTP/1.1 200 OK
Date: Wed, 24 Jul 2024 22:30:57 GMT
Content-Type: application/json
Transfer-Encoding: chunked
Connection: keep-alive
Access-Control-Allow-Origin: *
Access-Control-Allow-Methods: GET, POST, DELETE, PUT
Access-Control-Allow-Headers: Content-Type, api_key, Authorization
Server: Jetty(9.2.9.v20150224)

{
    "id": 1000,
    "username": "user1",
    "email": "anu@anu.com",
    "password": "test@a",
    "phone": "1234567890",
    "userStatus": 0
}
]]></system-out>
  </testcase>
  <testcase name="testGetUserByName[user2](2)" classname="api.tests.DataDrivenUserTests" time="0.184">
    <system-out><![CDATA[HTTP/1.1 200 OK
Date: Wed, 24 Jul 2024 22:30:57 GMT
Content-Type: application/json
Transfer-Encoding: chunked
Connection: keep-alive
Access-Control-Allow-Origin: *
Access-Control-Allow-Methods: GET, POST, DELETE, PUT
Access-Control-Allow-Headers: Content-Type, api_key, Authorization
Server: Jetty(9.2.9.v20150224)

{
    "id": 1001,
    "username": "user2",
    "email": "sidu@sidu.com",
    "password": "test@s",
    "phone": "1234567891",
    "userStatus": 0
}
]]></system-out>
  </testcase>
  <testcase name="testGetUserByName[user3](3)" classname="api.tests.DataDrivenUserTests" time="0.2">
    <system-out><![CDATA[HTTP/1.1 200 OK
Date: Wed, 24 Jul 2024 22:30:58 GMT
Content-Type: application/json
Transfer-Encoding: chunked
Connection: keep-alive
Access-Control-Allow-Origin: *
Access-Control-Allow-Methods: GET, POST, DELETE, PUT
Access-Control-Allow-Headers: Content-Type, api_key, Authorization
Server: Jetty(9.2.9.v20150224)

{
    "id": 1002,
    "username": "user3",
    "email": "pidu@pidu.com",
    "password": "test@p",
    "phone": "1234567892",
    "userStatus": 0
}
]]></system-out>
  </testcase>
  <testcase name="testUpdateUser[1000, user1, anu, jain, anu@anu.com, test@a, 1234567890](1)" classname="api.tests.DataDrivenUserTests" time="0.549">
    <system-out><![CDATA[Row count is 4
Column count is 7
Value in target cell is 1000
Value in target cell is user1
Value in target cell is anu
Value in target cell is jain
Value in target cell is anu@anu.com
Value in target cell is test@a
Value in target cell is 1234567890
Value in target cell is 1001
Value in target cell is user2
Value in target cell is sidu
Value in target cell is jian
Value in target cell is sidu@sidu.com
Value in target cell is test@s
Value in target cell is 1234567891
Value in target cell is 1002
Value in target cell is user3
Value in target cell is pidu
Value in target cell is pian
Value in target cell is pidu@pidu.com
Value in target cell is test@p
Value in target cell is 1234567892
HTTP/1.1 200 OK
Date: Wed, 24 Jul 2024 22:30:58 GMT
Content-Type: application/json
Transfer-Encoding: chunked
Connection: keep-alive
Access-Control-Allow-Origin: *
Access-Control-Allow-Methods: GET, POST, DELETE, PUT
Access-Control-Allow-Headers: Content-Type, api_key, Authorization
Server: Jetty(9.2.9.v20150224)

{
    "code": 200,
    "type": "unknown",
    "message": "1000"
}
HTTP/1.1 200 OK
Date: Wed, 24 Jul 2024 22:30:58 GMT
Content-Type: application/json
Transfer-Encoding: chunked
Connection: keep-alive
Access-Control-Allow-Origin: *
Access-Control-Allow-Methods: GET, POST, DELETE, PUT
Access-Control-Allow-Headers: Content-Type, api_key, Authorization
Server: Jetty(9.2.9.v20150224)

{
    "id": 1000,
    "username": "user1",
    "email": "ahmed.daniel@example.com",
    "password": "test@a",
    "phone": "1234567890",
    "userStatus": 0
}
]]></system-out>
  </testcase>
  <testcase name="testUpdateUser[1001, user2, sidu, jian, sidu@sidu.com, test@s, 1234567891](2)" classname="api.tests.DataDrivenUserTests" time="0.494">
    <system-out><![CDATA[HTTP/1.1 200 OK
Date: Wed, 24 Jul 2024 22:30:59 GMT
Content-Type: application/json
Transfer-Encoding: chunked
Connection: keep-alive
Access-Control-Allow-Origin: *
Access-Control-Allow-Methods: GET, POST, DELETE, PUT
Access-Control-Allow-Headers: Content-Type, api_key, Authorization
Server: Jetty(9.2.9.v20150224)

{
    "code": 200,
    "type": "unknown",
    "message": "1001"
}
HTTP/1.1 200 OK
Date: Wed, 24 Jul 2024 22:30:59 GMT
Content-Type: application/json
Transfer-Encoding: chunked
Connection: keep-alive
Access-Control-Allow-Origin: *
Access-Control-Allow-Methods: GET, POST, DELETE, PUT
Access-Control-Allow-Headers: Content-Type, api_key, Authorization
Server: Jetty(9.2.9.v20150224)

{
    "id": 1001,
    "username": "user2",
    "email": "eden.wiegand@example.com",
    "password": "test@s",
    "phone": "1234567891",
    "userStatus": 0
}
]]></system-out>
  </testcase>
  <testcase name="testUpdateUser[1002, user3, pidu, pian, pidu@pidu.com, test@p, 1234567892](3)" classname="api.tests.DataDrivenUserTests" time="0.492">
    <system-out><![CDATA[HTTP/1.1 200 OK
Date: Wed, 24 Jul 2024 22:30:59 GMT
Content-Type: application/json
Transfer-Encoding: chunked
Connection: keep-alive
Access-Control-Allow-Origin: *
Access-Control-Allow-Methods: GET, POST, DELETE, PUT
Access-Control-Allow-Headers: Content-Type, api_key, Authorization
Server: Jetty(9.2.9.v20150224)

{
    "code": 200,
    "type": "unknown",
    "message": "1002"
}
HTTP/1.1 200 OK
Date: Wed, 24 Jul 2024 22:30:59 GMT
Content-Type: application/json
Transfer-Encoding: chunked
Connection: keep-alive
Access-Control-Allow-Origin: *
Access-Control-Allow-Methods: GET, POST, DELETE, PUT
Access-Control-Allow-Headers: Content-Type, api_key, Authorization
Server: Jetty(9.2.9.v20150224)

{
    "id": 1002,
    "username": "user3",
    "email": "robin.beatty@example.com",
    "password": "test@p",
    "phone": "1234567892",
    "userStatus": 0
}
]]></system-out>
  </testcase>
  <testcase name="testDeleteUser[user1](1)" classname="api.tests.DataDrivenUserTests" time="0.516">
    <system-out><![CDATA[Value in target cell is user1
Value in target cell is user2
Value in target cell is user3
HTTP/1.1 200 OK
Date: Wed, 24 Jul 2024 22:31:00 GMT
Content-Type: application/json
Transfer-Encoding: chunked
Connection: keep-alive
Access-Control-Allow-Origin: *
Access-Control-Allow-Methods: GET, POST, DELETE, PUT
Access-Control-Allow-Headers: Content-Type, api_key, Authorization
Server: Jetty(9.2.9.v20150224)

{
    "code": 200,
    "type": "unknown",
    "message": "user1"
}
HTTP/1.1 404 Not Found
]]></system-out>
  </testcase>
  <testcase name="testDeleteUser[user2](2)" classname="api.tests.DataDrivenUserTests" time="0.439">
    <system-out><![CDATA[HTTP/1.1 200 OK
Date: Wed, 24 Jul 2024 22:31:00 GMT
Content-Type: application/json
Transfer-Encoding: chunked
Connection: keep-alive
Access-Control-Allow-Origin: *
Access-Control-Allow-Methods: GET, POST, DELETE, PUT
Access-Control-Allow-Headers: Content-Type, api_key, Authorization
Server: Jetty(9.2.9.v20150224)

{
    "code": 200,
    "type": "unknown",
    "message": "user2"
}
HTTP/1.1 404 Not Found
]]></system-out>
  </testcase>
  <testcase name="testDeleteUser[user3](3)" classname="api.tests.DataDrivenUserTests" time="0.654">
    <system-out><![CDATA[HTTP/1.1 200 OK
Date: Wed, 24 Jul 2024 22:31:01 GMT
Content-Type: application/json
Transfer-Encoding: chunked
Connection: keep-alive
Access-Control-Allow-Origin: *
Access-Control-Allow-Methods: GET, POST, DELETE, PUT
Access-Control-Allow-Headers: Content-Type, api_key, Authorization
Server: Jetty(9.2.9.v20150224)

{
    "code": 200,
    "type": "unknown",
    "message": "user3"
}
HTTP/1.1 404 Not Found
]]></system-out>
  </testcase>
</testsuite>