<?xml version="1.0" encoding="UTF-8"?>
<!-- Generated by org.testng.reporters.JUnitXMLReporter -->
<testsuite ignored="0" hostname="DESKTOP-ABUARE4" failures="0" tests="16" name="PetTest" time="13.458" errors="0" timestamp="2024-07-24T18:31:01 EDT">
  <testcase classname="api.tests.UserTests" name="testCreateUser" time="3.113"/>
  <testcase classname="api.tests.UserTests" name="testGetUserByName" time="0.253"/>
  <testcase classname="api.tests.UserTests" name="testUpdateUser" time="1.697"/>
  <testcase classname="api.tests.UserTests" name="testDeleteser" time="0.405"/>
  <testcase classname="api.tests.DataDrivenUserTests" name="testCreateUser" time="0.23"/>
  <testcase classname="api.tests.DataDrivenUserTests" name="testCreateUser" time="0.2"/>
  <testcase classname="api.tests.DataDrivenUserTests" name="testCreateUser" time="0.195"/>
  <testcase classname="api.tests.DataDrivenUserTests" name="testGetUserByName" time="0.182"/>
  <testcase classname="api.tests.DataDrivenUserTests" name="testGetUserByName" time="0.179"/>
  <testcase classname="api.tests.DataDrivenUserTests" name="testGetUserByName" time="0.204"/>
  <testcase classname="api.tests.DataDrivenUserTests" name="testUpdateUser" time="0.615"/>
  <testcase classname="api.tests.DataDrivenUserTests" name="testUpdateUser" time="0.489"/>
  <testcase classname="api.tests.DataDrivenUserTests" name="testUpdateUser" time="0.467"/>
  <testcase classname="api.tests.DataDrivenUserTests" name="testDeleteUser" time="0.543"/>
  <testcase classname="api.tests.DataDrivenUserTests" name="testDeleteUser" time="0.421"/>
  <testcase classname="api.tests.DataDrivenUserTests" name="testDeleteUser" time="0.587"/>
</testsuite> <!-- PetTest -->
