<?xml version="1.0" encoding="UTF-8"?>
<!-- Generated by org.testng.reporters.JUnitXMLReporter -->
<testsuite ignored="0" hostname="DESKTOP-ABUARE4" failures="0" tests="4" name="PetTest" time="6.62" errors="0" timestamp="2024-07-20T16:56:25 EDT">
  <testcase classname="api.tests.UserTests" name="testCreateUser" time="3.15"/>
  <testcase classname="api.tests.UserTests" name="testGetUserByName" time="0.258"/>
  <testcase classname="api.tests.UserTests" name="testUpdateUser" time="1.114"/>
  <testcase classname="api.tests.UserTests" name="testDeleteser" time="0.385"/>
</testsuite> <!-- PetTest -->
